  changespeed.cpp
C:\Users\mugit\source\repos\Spider_Rythum\Spider_Rythum\MyProgram\changespeed.cpp(11,28): warning C4244: '引数': 'double' から 'int' への変換です。データが失われる可能性があります。
  fft.cpp
  fftmain.cpp
C:\Users\mugit\source\repos\Spider_Rythum\Spider_Rythum\MyProgram\fftmain.cpp(96,19): warning C4244: '初期化中': 'LONGLONG' から 'int' への変換です。データが失われる可能性があります。
C:\Users\mugit\source\repos\Spider_Rythum\Spider_Rythum\MyProgram\fftmain.cpp(276,39): warning C4244: '=': 'LONGLONG' から 'int' への変換です。データが失われる可能性があります。
C:\Users\mugit\source\repos\Spider_Rythum\Spider_Rythum\MyProgram\fftmain.cpp(331,54): warning C4244: '引数': 'double' から 'int' への変換です。データが失われる可能性があります。
C:\Users\mugit\source\repos\Spider_Rythum\Spider_Rythum\MyProgram\fftmain.cpp(334,54): warning C4244: '引数': 'double' から 'int' への変換です。データが失われる可能性があります。
C:\Users\mugit\source\repos\Spider_Rythum\Spider_Rythum\MyProgram\fftmain.cpp(209,9): warning C4101: 'j': ローカル変数は 1 度も使われていません。
  getwavdata.cpp
  rfh.cpp
C:\Users\mugit\source\repos\Spider_Rythum\Spider_Rythum\MyProgram\rfh.cpp(22,22): warning C4244: '=': '__int64' から 'unsigned short' への変換です。データが失われる可能性があります。
  Top.cpp
  コード生成しています。
  0 of 14 functions ( 0.0%) were compiled, the rest were copied from previous compilation.
    0 functions were new in current compilation
    0 functions had inline decision re-evaluated but remain unchanged
  コード生成が終了しました。
* linker generated manifest res * : warning LNK4020: 'c:\users\mugit\source\repos\spider_rythum\spider_rythum\release\vc142.pdb' の型レコードは破損しています。一部のシンボルおよび型は、デバッガーからはアクセスできない可能性があります。
kernel32.lib(KERNEL32.dll) : warning LNK4020: 'c:\users\mugit\source\repos\spider_rythum\spider_rythum\release\vc142.pdb' の型レコードは破損しています。一部のシンボルおよび型は、デバッガーからはアクセスできない可能性があります。
advapi32.lib(ADVAPI32.dll) : warning LNK4020: 'c:\users\mugit\source\repos\spider_rythum\spider_rythum\release\vc142.pdb' の型レコードは破損しています。一部のシンボルおよび型は、デバッガーからはアクセスできない可能性があります。
SpidarMouse.lib(SpidarMouse.dll) : warning LNK4020: 'c:\users\mugit\source\repos\spider_rythum\spider_rythum\release\vc142.pdb' の型レコードは破損しています。一部のシンボルおよび型は、デバッガーからはアクセスできない可能性があります。
  Spider_Rythum.vcxproj -> C:\Users\mugit\source\repos\Spider_Rythum\Release\Spider_Rythum.exe
